2022-05-19 02:25:31,094 [INFO] start (ws_session_manager.py:50): [连接管理]程序启动中...
2022-05-19 02:25:36,106 [INFO] new_connect (ws_session_manager.py:95): [连接管理]会话启动中...
2022-05-19 02:25:36,231 [INFO] identify (ws_client.py:111): [ws连接]鉴权中...
2022-05-19 02:25:36,300 [INFO] on_message (ws_client.py:73): [ws连接]鉴权成功
2022-05-19 02:25:36,300 [INFO] on_message (ws_client.py:78): [ws连接]程序启动成功！
2022-05-19 02:25:43,331 [INFO] _message_handler (example.py:16): event <qqbot.model.ws_context.WsContext object at 0x000002BFD4166670>,receive message <@!7822937517147870737> 你好
2022-05-19 02:43:51,346 [INFO] start (ws_session_manager.py:50): [连接管理]程序启动中...
2022-05-19 02:43:56,387 [INFO] new_connect (ws_session_manager.py:95): [连接管理]会话启动中...
2022-05-19 02:43:56,517 [INFO] identify (ws_client.py:111): [ws连接]鉴权中...
2022-05-19 02:43:56,609 [INFO] on_message (ws_client.py:73): [ws连接]鉴权成功
2022-05-19 02:43:56,609 [INFO] on_message (ws_client.py:78): [ws连接]程序启动成功！
2022-05-19 02:44:10,754 [INFO] _message_handler (example.py:18): event <qqbot.model.ws_context.WsContext object at 0x0000020449F9D0A0>,receive message <@!7822937517147870737> hello
2022-05-19 02:45:08,800 [INFO] _message_handler (example.py:18): event <qqbot.model.ws_context.WsContext object at 0x0000020449FBD310>,receive message <@!7822937517147870737> 打咩
2022-05-19 02:48:49,025 [INFO] start (ws_session_manager.py:50): [连接管理]程序启动中...
2022-05-19 02:48:54,034 [INFO] new_connect (ws_session_manager.py:95): [连接管理]会话启动中...
2022-05-19 02:48:54,155 [INFO] identify (ws_client.py:111): [ws连接]鉴权中...
2022-05-19 02:48:54,223 [INFO] on_message (ws_client.py:73): [ws连接]鉴权成功
2022-05-19 02:48:54,223 [INFO] on_message (ws_client.py:78): [ws连接]程序启动成功！
2022-05-19 02:49:01,247 [INFO] _message_handler (example.py:20): event <qqbot.model.ws_context.WsContext object at 0x00000215301B6610>,receive message <@!7822937517147870737>
2022-05-19 02:49:11,288 [INFO] _message_handler (example.py:20): event <qqbot.model.ws_context.WsContext object at 0x00000215301B68E0>,receive message <@!7822937517147870737> 嗯哼
2022-05-19 02:49:51,237 [INFO] start (ws_session_manager.py:50): [连接管理]程序启动中...
2022-05-19 02:49:56,245 [INFO] new_connect (ws_session_manager.py:95): [连接管理]会话启动中...
2022-05-19 02:49:56,367 [INFO] identify (ws_client.py:111): [ws连接]鉴权中...
2022-05-19 02:49:56,446 [INFO] on_message (ws_client.py:73): [ws连接]鉴权成功
2022-05-19 02:49:56,447 [INFO] on_message (ws_client.py:78): [ws连接]程序启动成功！
2022-05-19 02:49:58,463 [INFO] _message_handler (example.py:20): event <qqbot.model.ws_context.WsContext object at 0x0000022FB4916610>,receive message <@!7822937517147870737> hello
2022-05-19 02:50:15,512 [INFO] _message_handler (example.py:20): event <qqbot.model.ws_context.WsContext object at 0x0000022FB49168E0>,receive message <@!7822937517147870737> 111
2022-05-19 02:50:54,499 [INFO] start (ws_session_manager.py:50): [连接管理]程序启动中...
2022-05-19 02:50:59,510 [INFO] new_connect (ws_session_manager.py:95): [连接管理]会话启动中...
2022-05-19 02:50:59,656 [INFO] identify (ws_client.py:111): [ws连接]鉴权中...
2022-05-19 02:50:59,729 [INFO] on_message (ws_client.py:73): [ws连接]鉴权成功
2022-05-19 02:50:59,729 [INFO] on_message (ws_client.py:78): [ws连接]程序启动成功！
2022-05-19 02:51:04,746 [INFO] _message_handler (example.py:20): event <qqbot.model.ws_context.WsContext object at 0x000001FC566C6670>,receive message <@!7822937517147870737> hello
2022-05-19 02:51:31,309 [INFO] start (ws_session_manager.py:50): [连接管理]程序启动中...
2022-05-19 02:51:36,341 [INFO] new_connect (ws_session_manager.py:95): [连接管理]会话启动中...
2022-05-19 02:51:36,469 [INFO] identify (ws_client.py:111): [ws连接]鉴权中...
2022-05-19 02:51:36,533 [INFO] on_message (ws_client.py:73): [ws连接]鉴权成功
2022-05-19 02:51:36,533 [INFO] on_message (ws_client.py:78): [ws连接]程序启动成功！
2022-05-19 02:51:38,568 [INFO] _message_handler (example.py:20): event <qqbot.model.ws_context.WsContext object at 0x000002CAA5F88C70>,receive message <@!7822937517147870737> 嗯哼
2022-05-19 02:52:22,600 [INFO] _message_handler (example.py:20): event <qqbot.model.ws_context.WsContext object at 0x000002CAA5F88E50>,receive message <@!7822937517147870737> 加油
2022-05-19 02:55:20,776 [INFO] _message_handler (example.py:20): event <qqbot.model.ws_context.WsContext object at 0x000002CAA70BA9D0>,receive message <@!7822937517147870737> 你好呀
2022-05-19 02:55:45,800 [INFO] _message_handler (example.py:20): event <qqbot.model.ws_context.WsContext object at 0x000002CAA70BACD0>,receive message <@!7822937517147870737> 嗯哼
2022-05-19 03:21:36,433 [INFO] on_close (ws_client.py:50): [ws连接]关闭, 返回码: 4009, 返回信息:Session timed out
2022-05-19 03:21:41,434 [INFO] new_connect (ws_session_manager.py:95): [连接管理]会话启动中...
2022-05-19 03:35:23,839 [INFO] start (ws_session_manager.py:50): [连接管理]程序启动中...
2022-05-19 03:35:28,853 [INFO] new_connect (ws_session_manager.py:95): [连接管理]会话启动中...
2022-05-19 03:35:28,973 [INFO] identify (ws_client.py:111): [ws连接]鉴权中...
2022-05-19 03:35:29,050 [INFO] on_message (ws_client.py:73): [ws连接]鉴权成功
2022-05-19 03:35:29,050 [INFO] on_message (ws_client.py:78): [ws连接]程序启动成功！
2022-05-19 03:35:42,080 [INFO] _message_handler (example.py:21): event <qqbot.model.ws_context.WsContext object at 0x00000242B9A43730>,receive message <@!7822937517147870737> 喝水打卡
2022-05-19 03:36:29,112 [INFO] start (ws_session_manager.py:50): [连接管理]程序启动中...
2022-05-19 03:36:34,118 [INFO] new_connect (ws_session_manager.py:95): [连接管理]会话启动中...
2022-05-19 03:36:34,243 [INFO] identify (ws_client.py:111): [ws连接]鉴权中...
2022-05-19 03:36:34,315 [INFO] on_message (ws_client.py:73): [ws连接]鉴权成功
2022-05-19 03:36:34,315 [INFO] on_message (ws_client.py:78): [ws连接]程序启动成功！
2022-05-19 03:37:02,303 [INFO] start (ws_session_manager.py:50): [连接管理]程序启动中...
2022-05-19 03:37:07,333 [INFO] new_connect (ws_session_manager.py:95): [连接管理]会话启动中...
2022-05-19 03:37:07,989 [INFO] identify (ws_client.py:111): [ws连接]鉴权中...
2022-05-19 03:37:08,203 [INFO] on_message (ws_client.py:73): [ws连接]鉴权成功
2022-05-19 03:37:08,204 [INFO] on_message (ws_client.py:78): [ws连接]程序启动成功！
2022-05-19 03:37:11,143 [INFO] _message_handler (example.py:21): event <qqbot.model.ws_context.WsContext object at 0x0000018750CAF340>,receive message <@!7822937517147870737> 喝水打卡
2022-05-19 03:37:48,006 [INFO] start (ws_session_manager.py:50): [连接管理]程序启动中...
2022-05-19 03:37:53,030 [INFO] new_connect (ws_session_manager.py:95): [连接管理]会话启动中...
2022-05-19 03:37:53,150 [INFO] identify (ws_client.py:111): [ws连接]鉴权中...
2022-05-19 03:37:53,261 [INFO] on_message (ws_client.py:73): [ws连接]鉴权成功
2022-05-19 03:37:53,262 [INFO] on_message (ws_client.py:78): [ws连接]程序启动成功！
2022-05-19 03:37:57,302 [INFO] _message_handler (example.py:21): event <qqbot.model.ws_context.WsContext object at 0x0000014247F0F3D0>,receive message <@!7822937517147870737> 喝水打卡
2022-05-19 03:41:51,166 [INFO] start (ws_session_manager.py:50): [连接管理]程序启动中...
2022-05-19 03:41:56,204 [INFO] new_connect (ws_session_manager.py:95): [连接管理]会话启动中...
2022-05-19 03:41:56,369 [INFO] identify (ws_client.py:111): [ws连接]鉴权中...
2022-05-19 03:41:56,443 [INFO] on_message (ws_client.py:73): [ws连接]鉴权成功
2022-05-19 03:41:56,443 [INFO] on_message (ws_client.py:78): [ws连接]程序启动成功！
2022-05-19 03:43:05,694 [INFO] start (ws_session_manager.py:50): [连接管理]程序启动中...
2022-05-19 03:43:10,718 [INFO] new_connect (ws_session_manager.py:95): [连接管理]会话启动中...
2022-05-19 03:43:10,852 [INFO] identify (ws_client.py:111): [ws连接]鉴权中...
2022-05-19 03:43:10,972 [INFO] on_message (ws_client.py:73): [ws连接]鉴权成功
2022-05-19 03:43:10,972 [INFO] on_message (ws_client.py:78): [ws连接]程序启动成功！
2022-05-19 03:43:16,090 [INFO] _message_handler (example.py:22): event <qqbot.model.ws_context.WsContext object at 0x000002B18DAC03A0>,receive message <@!7822937517147870737> 喝水打卡
2022-05-19 10:44:04,927 [INFO] start (ws_session_manager.py:50): [连接管理]程序启动中...
2022-05-19 10:44:09,974 [INFO] new_connect (ws_session_manager.py:95): [连接管理]会话启动中...
2022-05-19 10:44:10,169 [INFO] identify (ws_client.py:111): [ws连接]鉴权中...
2022-05-19 10:44:10,259 [INFO] on_message (ws_client.py:73): [ws连接]鉴权成功
2022-05-19 10:44:10,259 [INFO] on_message (ws_client.py:78): [ws连接]程序启动成功！
2022-05-19 10:44:16,272 [INFO] _message_handler (example.py:22): event <qqbot.model.ws_context.WsContext object at 0x000002992E48EFA0>,receive message <@!7822937517147870737> 喝水打卡
2022-05-19 10:44:33,293 [INFO] _message_handler (example.py:22): event <qqbot.model.ws_context.WsContext object at 0x000002992E48EDC0>,receive message <@!7822937517147870737> 运动打卡
2022-05-19 14:19:18,323 [INFO] start (ws_session_manager.py:50): [连接管理]程序启动中...
2022-05-19 14:19:23,398 [INFO] new_connect (ws_session_manager.py:95): [连接管理]会话启动中...
2022-05-19 14:19:23,650 [INFO] identify (ws_client.py:111): [ws连接]鉴权中...
2022-05-19 14:19:23,764 [INFO] on_message (ws_client.py:73): [ws连接]鉴权成功
2022-05-19 14:19:23,764 [INFO] on_message (ws_client.py:78): [ws连接]程序启动成功！
2022-05-19 14:19:29,793 [INFO] _message_handler (example.py:22): event <qqbot.model.ws_context.WsContext object at 0x0000016271B8EBE0>,receive message <@!7822937517147870737> qqq
2022-05-19 14:21:54,164 [INFO] start (ws_session_manager.py:50): [连接管理]程序启动中...
2022-05-19 14:23:41,723 [INFO] new_connect (ws_session_manager.py:95): [连接管理]会话启动中...
2022-05-19 14:23:41,835 [INFO] identify (ws_client.py:111): [ws连接]鉴权中...
2022-05-19 14:23:41,913 [INFO] on_message (ws_client.py:73): [ws连接]鉴权成功
2022-05-19 14:23:41,913 [INFO] on_message (ws_client.py:78): [ws连接]程序启动成功！
